sample.interval=20000
"gc" "system.time" 
"gc" "system.time" 
".Call" "cpp_buildMatrixD" "SupportReduction" "system.time" 
".Call" "cpp_scale" "InterAlg" "SupportReduction" "system.time" 
"aperm.default" "aperm" "apply" "InterAlg" "SupportReduction" "system.time" 
"apply" "InterAlg" "SupportReduction" "system.time" 
".Call" "fast_factor" "split.default" "split" "lapply" "unlist" "tapply_fast" "FUN" "apply" "InterAlg" "SupportReduction" "system.time" 
"apply" "InterAlg" "SupportReduction" "system.time" 
"apply" "InterAlg" "SupportReduction" "system.time" 
"apply" "InterAlg" "SupportReduction" "system.time" 
".Call" "fast_factor" "split.default" "split" "lapply" "unlist" "tapply_fast" "FUN" "apply" "InterAlg" "SupportReduction" "system.time" 
"split.default" "split" "lapply" "unlist" "tapply_fast" "FUN" "apply" "InterAlg" "SupportReduction" "system.time" 
"apply" "nablaLogLike" "check.derv" "SupportReduction" "system.time" 
"aperm.default" "aperm" "apply" "apply" "nablaLogLike" "check.derv" "SupportReduction" "system.time" 
"aperm.default" "aperm" "apply" "apply" "nablaLogLike" "check.derv" "SupportReduction" "system.time" 
"array" "apply" "apply" "nablaLogLike" "check.derv" "SupportReduction" "system.time" 
"apply" "nablaLogLike" "check.derv" "SupportReduction" "system.time" 
"aperm.default" "aperm" "apply" "InterAlg" "SupportReduction" "system.time" 
"lapply" "unlist" "tapply_fast" "FUN" "apply" "InterAlg" "SupportReduction" "system.time" 
"split.default" "split" "lapply" "unlist" "tapply_fast" "FUN" "apply" "InterAlg" "SupportReduction" "system.time" 
"unlist" "tapply_fast" "FUN" "apply" "InterAlg" "SupportReduction" "system.time" 
"unlist" "apply" "InterAlg" "SupportReduction" "system.time" 
"aperm.default" "aperm" "apply" "InterAlg" "SupportReduction" "system.time" 
"split.default" "split" "lapply" "unlist" "tapply_fast" "FUN" "apply" "InterAlg" "SupportReduction" "system.time" 
".Call" "fast_factor" "split.default" "split" "lapply" "unlist" "tapply_fast" "FUN" "apply" "InterAlg" "SupportReduction" "system.time" 
"split.default" "split" "lapply" "unlist" "tapply_fast" "FUN" "apply" "InterAlg" "SupportReduction" "system.time" 
"unlist" "tapply_fast" "FUN" "apply" "InterAlg" "SupportReduction" "system.time" 
"FUN" "apply" "nablaLogLike" "check.derv" "SupportReduction" "system.time" 
"unlist" "apply" "apply" "nablaLogLike" "check.derv" "SupportReduction" "system.time" 
"aperm.default" "aperm" "apply" "nablaLogLike" "check.derv" "SupportReduction" "system.time" 
"aperm.default" "aperm" "apply" "nablaLogLike" "check.derv" "SupportReduction" "system.time" 
".Call" "cpp_scale" "InterAlg" "SupportReduction" "system.time" 
"aperm.default" "aperm" "apply" "InterAlg" "SupportReduction" "system.time" 
".Call" "fast_factor" "split.default" "split" "lapply" "unlist" "tapply_fast" "FUN" "apply" "InterAlg" "SupportReduction" "system.time" 
"FUN" "apply" "InterAlg" "SupportReduction" "system.time" 
"unlist" "tapply_fast" "FUN" "apply" "InterAlg" "SupportReduction" "system.time" 
".Call" "fast_factor" "split.default" "split" "lapply" "unlist" "tapply_fast" "FUN" "apply" "InterAlg" "SupportReduction" "system.time" 
"attr" "split.default" "split" "lapply" "unlist" "tapply_fast" "FUN" "apply" "InterAlg" "SupportReduction" "system.time" 
"lapply" "unlist" "tapply_fast" "FUN" "apply" "InterAlg" "SupportReduction" "system.time" 
".Call" "cpp_scale" "InterAlg" "SupportReduction" "system.time" 
".Call" "cpp_scale" "InterAlg" "SupportReduction" "system.time" 
".Call" "cpp_scale" "InterAlg" "SupportReduction" "system.time" 
"aperm.default" "aperm" "apply" "InterAlg" "SupportReduction" "system.time" 
"split.default" "split" "lapply" "unlist" "tapply_fast" "FUN" "apply" "InterAlg" "SupportReduction" "system.time" 
"unlist" "tapply_fast" "FUN" "apply" "InterAlg" "SupportReduction" "system.time" 
"split.default" "split" "lapply" "unlist" "tapply_fast" "FUN" "apply" "InterAlg" "SupportReduction" "system.time" 
"apply" "InterAlg" "SupportReduction" "system.time" 
".Call" "cpp_newLambda" "InterAlg" "SupportReduction" "system.time" 
".Call" "cpp_newLambda" "InterAlg" "SupportReduction" "system.time" 
".Call" "cpp_newLambda" "InterAlg" "SupportReduction" "system.time" 
"apply" "nablaLogLike" "check.derv" "SupportReduction" "system.time" 
"apply" "nablaLogLike" "check.derv" "SupportReduction" "system.time" 
"aperm.default" "aperm" "apply" "apply" "nablaLogLike" "check.derv" "SupportReduction" "system.time" 
"array" "apply" "apply" "nablaLogLike" "check.derv" "SupportReduction" "system.time" 
".Call" "cpp_scale" "InterAlg" "SupportReduction" "system.time" 
"aperm.default" "aperm" "apply" "InterAlg" "SupportReduction" "system.time" 
".Call" "fast_factor" "split.default" "split" "lapply" "unlist" "tapply_fast" "FUN" "apply" "InterAlg" "SupportReduction" "system.time" 
"apply" "InterAlg" "SupportReduction" "system.time" 
"FUN" "apply" "InterAlg" "SupportReduction" "system.time" 
"unlist" "tapply_fast" "FUN" "apply" "InterAlg" "SupportReduction" "system.time" 
".Call" "cpp_scale" "InterAlg" "SupportReduction" "system.time" 
".Call" "cpp_scale" "InterAlg" "SupportReduction" "system.time" 
".Call" "fast_factor" "split.default" "split" "lapply" "unlist" "tapply_fast" "FUN" "apply" "InterAlg" "SupportReduction" "system.time" 
".Call" "fast_factor" "split.default" "split" "lapply" "unlist" "tapply_fast" "FUN" "apply" "InterAlg" "SupportReduction" "system.time" 
".Call" "fast_factor" "split.default" "split" "lapply" "unlist" "tapply_fast" "FUN" "apply" "InterAlg" "SupportReduction" "system.time" 
"as.character" ".Call" "fast_factor" "split.default" "split" "lapply" "unlist" "tapply_fast" "FUN" "apply" "InterAlg" "SupportReduction" "system.time" 
".Call" "cpp_newLambda" "InterAlg" "SupportReduction" "system.time" 
".Call" "cpp_newLambda" "InterAlg" "SupportReduction" "system.time" 
"aperm.default" "aperm" "apply" "nablaLogLike" "check.derv" "SupportReduction" "system.time" 
"apply" "apply" "nablaLogLike" "check.derv" "SupportReduction" "system.time" 
"array" "apply" "apply" "nablaLogLike" "check.derv" "SupportReduction" "system.time" 
"apply" "nablaLogLike" "check.derv" "SupportReduction" "system.time" 
"apply" "nablaLogLike" "check.derv" "SupportReduction" "system.time" 
"aperm.default" "aperm" "apply" "InterAlg" "SupportReduction" "system.time" 
"lapply" "unlist" "tapply_fast" "FUN" "apply" "InterAlg" "SupportReduction" "system.time" 
".Call" "fast_factor" "split.default" "split" "lapply" "unlist" "tapply_fast" "FUN" "apply" "InterAlg" "SupportReduction" "system.time" 
"as.character" ".Call" "fast_factor" "split.default" "split" "lapply" "unlist" "tapply_fast" "FUN" "apply" "InterAlg" "SupportReduction" "system.time" 
"as.character" ".Call" "fast_factor" "split.default" "split" "lapply" "unlist" "tapply_fast" "FUN" "apply" "InterAlg" "SupportReduction" "system.time" 
"FUN" "lapply" "unlist" "tapply_fast" "FUN" "apply" "InterAlg" "SupportReduction" "system.time" 
".Call" "cpp_scale" "InterAlg" "SupportReduction" "system.time" 
".Call" "cpp_scale" "InterAlg" "SupportReduction" "system.time" 
"FUN" "lapply" "unlist" "tapply_fast" "FUN" "apply" "InterAlg" "SupportReduction" "system.time" 
".Call" "fast_factor" "split.default" "split" "lapply" "unlist" "tapply_fast" "FUN" "apply" "InterAlg" "SupportReduction" "system.time" 
"as.character" ".Call" "fast_factor" "split.default" "split" "lapply" "unlist" "tapply_fast" "FUN" "apply" "InterAlg" "SupportReduction" "system.time" 
"split.default" "split" "lapply" "unlist" "tapply_fast" "FUN" "apply" "InterAlg" "SupportReduction" "system.time" 
".Call" "cpp_newLambda" "InterAlg" "SupportReduction" "system.time" 
".Call" "cpp_newLambda" "InterAlg" "SupportReduction" "system.time" 
"apply" "nablaLogLike" "check.derv" "SupportReduction" "system.time" 
"is.na" "which" "FUN" "apply" "apply" "nablaLogLike" "check.derv" "SupportReduction" "system.time" 
"is.na" "which" "FUN" "apply" "apply" "nablaLogLike" "check.derv" "SupportReduction" "system.time" 
"aperm.default" "aperm" "apply" "nablaLogLike" "check.derv" "SupportReduction" "system.time" 
